#
# A fatal error has been detected by the Java Runtime Environment:
#
#  EXCEPTION_ACCESS_VIOLATION (0xc0000005) at pc=0x0000024c0002c1ef, pid=12904, tid=15928
#
# JRE version: Java(TM) SE Runtime Environment (11.0.1+13) (build 11.0.1+13-LTS)
# Java VM: Java HotSpot(TM) 64-Bit Server VM (11.0.1+13-LTS, mixed mode, tiered, compressed oops, g1 gc, windows-amd64)
# Problematic frame:
# j  Main.dealwithOp([Ljava/lang/String;IILjava/lang/String;I)I+57
#
# No core dump will be written. Minidumps are not enabled by default on client versions of Windows
#
# If you would like to submit a bug report, please visit:
#   http://bugreport.java.com/bugreport/crash.jsp
#

---------------  S U M M A R Y ------------

Command Line: -agentlib:jdwp=transport=dt_socket,address=127.0.0.1:55822,suspend=y,server=n -javaagent:C:\Users\SEANPA~1\AppData\Local\Temp\captureAgent487jars\debugger-agent.jar=file:/C:/Users/SEANPA~1/AppData/Local/Temp/capture.props -Dfile.encoding=UTF-8 Main

Host: Intel(R) Core(TM) m3-6Y30 CPU @ 0.90GHz, 4 cores, 7G,  Windows 10 , 64 bit Build 17134 (10.0.17134.1)
Time: Tue Nov 27 12:17:28 2018 GMT Standard Time elapsed time: 2207 seconds (0d 0h 36m 47s)

---------------  T H R E A D  ---------------

Current thread (0x0000024c71243800):  JavaThread "main" [_thread_in_Java, id=15928, stack(0x0000005a32500000,0x0000005a32600000)]

Stack: [0x0000005a32500000,0x0000005a32600000],  sp=0x0000005a325ff288,  free space=1020k
Native frames: (J=compiled Java code, j=interpreted, Vv=VM code, C=native code)
C  0x0000024c0002c1ef


siginfo: EXCEPTION_ACCESS_VIOLATION (0xc0000005), reading address 0x00000000325fec50


Register to memory mapping:

RIP=0x0000024c0002c1ef is at code_begin+559 in an Interpreter codelet
invokevirtual  182 invokevirtual  [0x0000024c0002bfc0, 0x0000024c0002c580]  1472 bytes
RAX=