#
# A fatal error has been detected by the Java Runtime Environment:
#
#  EXCEPTION_ACCESS_VIOLATION (0xc0000005) at pc=0x000001fbd50bc1ef, pid=13368, tid=13436
#
# JRE version: Java(TM) SE Runtime Environment (11.0.1+13) (build 11.0.1+13-LTS)
# Java VM: Java HotSpot(TM) 64-Bit Server VM (11.0.1+13-LTS, mixed mode, tiered, compressed oops, g1 gc, windows-amd64)
# Problematic frame:
# j  Main.dealwithOp([Ljava/lang/String;IILjava/lang/String;I)I+57
#
# No core dump will be written. Minidumps are not enabled by default on client versions of Windows
#
# If you would like to submit a bug report, please visit:
#   http://bugreport.java.com/bugreport/crash.jsp
#

---------------  S U M M A R Y ------------

Command Line: -agentlib:jdwp=transport=dt_socket,address=127.0.0.1:55813,suspend=y,server=n -javaagent:C:\Users\SEANPA~1\AppData\Local\Temp\captureAgent133jars\debugger-agent.jar=file:/C:/Users/SEANPA~1/AppData/Local/Temp/capture.props -Dfile.encoding=UTF-8 Main

Host: Intel(R) Core(TM) m3-6Y30 CPU @ 0.90GHz, 4 cores, 7G,  Windows 10 , 64 bit Build 17134 (10.0.17134.1)
Time: Tue Nov 27 12:17:28 2018 GMT Standard Time elapsed time: 2260 seconds (0d 0h 37m 40s)

---------------  T H R E A D  ---------------

Current thread (0x000001fbccd63800):  JavaThread "main" [_thread_in_Java, id=13436, stack(0x000000b6bd800000,0x000000b6bd900000)]

Stack: [0x000000b6bd800000,0x000000b6bd900000],  sp=0x000000b6bd8ff418,  free space=1021k
Native frames: (J=compiled Java code, j=interpreted, Vv=VM code, C=native code)
C