#
# A fatal error has been detected by the Java Runtime Environment:
#
#  Internal Error (t:/workspace/open/src/hotspot/share/oops/generateOopMap.cpp:2164), pid=11740, tid=12872
#  fatal error: Illegal class file encountered. Try running with -Xverify:all in method dealwithOp
#
# JRE version: Java(TM) SE Runtime Environment (11.0.1+13) (build 11.0.1+13-LTS)
# Java VM: Java HotSpot(TM) 64-Bit Server VM (11.0.1+13-LTS, mixed mode, tiered, compressed oops, g1 gc, windows-amd64)
# No core dump will be written. Minidumps are not enabled by default on client versions of Windows
#
# If you would like to submit a bug report, please visit:
#   http://bugreport.java.com/bugreport/crash.jsp
#

---------------  S U M M A R Y ------------

Command Line: -agentlib:jdwp=transport=dt_socket,address=127.0.0.1:55505,suspend=y,server=n -javaagent:C:\Users\SEANPA~1\AppData\Local\Temp\captureAgent2jars\debugger-agent.jar=file:/C:/Users/SEANPA~1/AppData/Local/Temp/capture.props -Dfile.encoding=UTF-8 Main

Host: Intel(R) Core(TM) m3-6Y30 CPU @ 0.90GHz, 4 cores, 7G,  Windows 10 , 64 bit Build 17134 (10.0.17134.1)
Time: Tue Nov 27 11:51:33 2018 GMT Standard Time elapsed time: 2659 seconds (0d 0h 44m 19s)

---------------  T H R E A D  ---------------

Current thread (0x000001ffd66f7000):  VMThread "VM Thread" [stack: 0x0000007e16100000,0x0000007e16200000] [id=12872]

Stack: [0x0000007e16100000,0x0000007e16200000]
[error occurred during error reporting (printing stack bounds), id 0xc0000005, EXCEPTION_ACCESS_VIOLATION (0xc0000005) at pc=0x000001ffc06e0bad]

Native frames: (J=compiled Java code, j=interpreted, Vv=VM code, C=native code)
V  [jvm.dll+0x63c21a]
V  [jvm.dll+0x7797df]
V  [jvm.dll+0x77adca]
V  [jvm.dll+0x77b3e5]
V  [jvm.dll+0x77b39b]
V  [jvm.dll+0x63b916]
V  [jvm.dll+0x63bce8]
C  [ntdll.dll+0x9ed3d]
C  [ntdll.dll+0x6c86]
C  [ntdll.dll+0x9dc6e]
C  0x000001ffc06e0bad

VM_Operation (0x0000007e16aff7b0): GetOrSetLocal, mode: safepoint, requested by thread 0x000001ffd73b5800


---------------  P R O C E S S  ---------------

Threads class SMR info:
_java_thread_list=0x000001ffd7292850, length=13, elements={
0x000001ffb83b3800, 0x000001ffd6730800, 0x000001ffd671b800, 0x000001ffd7092800,
0x000001ffd7093800, 0x000001ffd673b800, 0x000001ffd6743000, 0x000001ffd675e800,
0x000001ffd66ae000, 0x000001ffd73b5800, 0x000001ffd742f800, 0x000001ffd73ac000,
0x000001ffd72c1000
}

Java Threads: ( => current thread )
  0x000001ffb83b3800 JavaThread "main" [_thread_blocked, id=13452, stack(0x0000007e15b00000,0x0000007e15c00000)]
  0x000001ffd6730800 JavaThread "Reference Handler" daemon [_thread_blocked, id=6540, stack(0x0000007e16200000,0x0000007e16300000)]
  0x000001ffd671b800 JavaThread "Finalizer" daemon [_thread_blocked, id=15312, stack(0x0000007e16300000,0x0000007e16400000)]
  0x000001ffd7092800 JavaThread "Signal Dispatcher" daemon [_thread_blocked, id=10908, stack(0x0000007e16400000,0x0000007e16500000)]
  0x000001ffd7093800 JavaThread "Attach Listener" daemon [_thread_blocked, id=4684, stack(0x0000007e16500000,0x0000007e16600000)]
  0x000001ffd673b800 JavaThread "C2 CompilerThread0" daemon [_thread_blocked, id=13160, stack(0x0000007e16600000,0x0000007e16700000)]
  0x000001ffd6743000 JavaThread "C1 CompilerThread0" daemon [_thread_blocked, id=15492, stack(0x0000007e16700000,0x0000007e16800000)]
  0x000001ffd675e800 JavaThread "Sweeper thread" daemon [_thread_blocked, id=13460, stack(0x0000007e16800000,0x0000007e16900000)]
  0x000001ffd66ae000 JavaThread "Common-Cleaner" daemon [_thread_blocked, id=5352, stack(0x0000007e16900000,0x0000007e16a00000)]
  0x000001ffd73b5800 JavaThread "JDWP Transport Listener: dt_socket" daemon [_thread_blocked, id=1732, stack(0x0000007e16a00000,0x0000007e16b00000)] _threads_hazard_ptr=0x000001ffd7292850
  0x000001ffd742f800 JavaThread "JDWP Event Helper Thread" daemon [_thread_blocked, id=13400, stack(0x0000007e16b00000,0x0000007e16c00000)]
  0x000001ffd73ac000 JavaThread "JDWP Command Reader" daemon [_thread_in_native, id=12980, stack(0x0000007e16c00000,0x0000007e16d00000)]
  0x000001ffd72c1000 JavaThread "Service Thread" daemon [_thread_blocked, id=5208, stack(0x0000007e16d00000,0x0000007e16e00000)]

Other Threads:
=>0x000001ffd66f7000 VMThread "VM Thread" [stack: 0x0000007e16100000,0x0000007e16200000] [id=12872]
  0x000001ffd7296000 WatcherThread [stack: 0x0000007e16e00000,0x0000007e16f00000] [id=13100]
  0x000001ffb83cc800 GCTaskThread "GC Thread#0" [stack: 0x0000007e15c00000,0x0000007e15d00000] [id=5796]
  0x000001ffb83fd000 ConcurrentGCThread "G1 Main Marker" [stack: 0x0000007e15d00000,0x0000007e15e00000] [id=7336]
  0x000001ffb83fe800 ConcurrentGCThread "G1 Conc#0" [stack: 0x0000007e15e00000,0x0000007e15f00000] [id=16344]
  0x000001ffb848d800 ConcurrentGCThread "G1 Refine#0" [stack: 0x0000007e15f00000,0x0000007e16000000] [id=10808]
  0x000001ffb848e800 ConcurrentGCThread "G1 Young RemSet Sampling" [stack: 0x0000007e16000000,0x0000007e16100000] [id=9660]

Threads with active compile tasks:

VM state:at safepoint (normal execution)

VM Mutex/Monitor currently owned by a thread:  ([mutex/lock_event])
[0x000001ffb83b14f0] Threads_lock - owner thread: 0x000001ffd66f7000

Heap address: 0x0000000081800000, size: 2024 MB, Compressed Oops mode: 32-bit
Narrow klass base: 0x0000000000000000, Narrow klass shift: 3
Compressed class space size: 1073741824 Address: 0x0000000100000000

Heap:
 garbage-first heap   total 131072K, used 3072K [0x0000000081800000, 0x0000000100000000)
  region size 1024K, 4 young (4096K), 0 survivors (0K)
 Metaspace       used 7405K, capacity 7603K, committed 7680K, reserved 1056768K
  class space    used 650K, capacity 721K, committed 768K, reserved 1048576K
Heap Regions: E=young(eden), S=young(survivor), O=old, HS=humongous(starts), HC=humongous(continues), CS=collection set, F=free, A=archive, TAMS=top-at-mark-start (previous, next)
|   0|0x0000000081800000, 0x0000000081800000, 0x0000000081900000|  0%| F|  |TAMS 0x0000000081800000, 0x0000000081800000| Untracked 
|   1|0x0000000081900000, 0x0000000081900000, 0x0000000081a00000|  0%| F|  |TAMS 0x0000000081900000, 0x0000000081900000| Untracked 
|   2|0x0000000081a00000, 0x0000000081a00000, 0x0000000081b00000|  0%| F|  |TAMS 0x0000000081a00000, 0x0000000081a00000| Untracked 
|   3|0x0000000081b00000, 0x0000000081b00000, 0x0000000081c00000|  0%| F|  |TAMS 0x0000000081b00000, 0x0000000081b00000| Untracked 
|   4|0x0000000081c00000, 0x0000000081c00000, 0x0000000081d00000|  0%| F|  |TAMS 0x0000000081c00000, 0x0000000081c00000| Untracked 
|   5|0x0000000081d00000, 0x0000000081d00000, 0x0000000081e00000|  0%| F|  |TAMS 0x0000000081d00000, 0x0000000081d00000| Untracked 
|   6|0x0000000081e00000, 0x0000000081e00000, 0x0000000081f00000|  0%| F|  |TAMS 0x0000000081e00000, 0x0000000081e00000| Untracked 
|   7|0x0000000081f00000, 0x0000000081f00000, 0x0000000082000000|  0%| F|  |TAMS 0x0000000081f00000, 0x0000000081f00000| Untracked 
|   8|0x0000000082000000, 0x0000000082000000, 0x0000000082100000|  0%| F|  |TAMS 0x0000000082000000, 0x0000000082000000| Untracked 
|   9|0x0000000082100000, 0x0000000082100000, 0x0000000082200000|  0%| F|  |TAMS 0x0000000082100000, 0x0000000082100000| Untracked 
|  10|0x0000000082200000, 0x0000000082200000, 0x0000000082300000|  0%| F|  |TAMS 0x0000000082200000, 0x0000000082200000| Untracked 
|  11|0x0000000082300000, 0x0000000082300000, 0x0000000082400000|  0%| F|  |TAMS 0x0000000082300000, 0x0000000082300000| Untracked 
|  12|0x0000000082400000, 0x0000000082400000, 0x0000000082500000|  0%| F|  |TAMS 0x0000000082400000, 0x0000000082400000| Untracked 
|  13|0x0000000082500000, 0x0000000082500000, 0x0000000082600000|  0%| F|  |TAMS 0x0000000082500000, 0x0000000082500000| Untracked 
|  14|0x0000000082600000, 0x0000000082600000, 0x0000000082700000|  0%| F|  |TAMS 0x0000000082600000, 0x0000000082600000| Untracked 
|  15|0x0000000082700000, 0x0000000082700000, 0x0000000082800000|  0%| F|  |TAMS 0x0000000082700000, 0x0000000082700000| Untracked 
|  16|0x0000000082800000, 0x0000000082800000, 0x0000000082900000|  0%| F|  |TAMS 0x0000000082800000, 0x0000000082800000| Untracked 
|  17|0x0000000082900000, 0x0000000082900000, 0x0000000082a00000|  0%| F|  |TAMS 0x0000000082900000, 0x0000000082900000| Untracked 
|  18|0x0000000082a00000, 0x0000000082a00000, 0x0000000082b00000|  0%| F|  |TAMS 0x0000000082a00000, 0x0000000082a00000| Untracked 
|  19|0x0000000082b00000, 0x0000000082b00000, 0x0000000082c00000|  0%| F|  |TAMS 0x0000000082b00000, 0x0000000082b00000| Untracked 
|  20|0x0000000082c00000, 0x0000000082c00000, 0x0000000082d00000|  0%| F|  |TAMS 0x0000000082c00000, 0x0000000082c00000| Untracked 
|  21|0x0000000082d00000, 0x0000000082d00000, 0x0000000082e00000|  0%| F|  |TAMS 0x0000000082d00000, 0x0000000082d00000| Untracked 
|  22|0x0000000082e00000, 0x0000000082e00000, 0x0000000082f00000|  0%| F|  |TAMS 0x0000000082e00000, 0x0000000082e00000| Untracked 
|  23|0x0000000082f00000, 0x0000000082f00000, 0x0000000083000000|  0%| F|  |TAMS 0x0000000082f00000, 0x0000000082f00000| Untracked 
|  24|0x0000000083000000, 0x0000000083000000, 0x0000000083100000|  0%| F|  |TAMS 0x0000000083000000, 0x0000000083000000| Untracked 
|  25|0x0000000083100000, 0x0000000083100000, 0x0000000083200000|  0%| F|  |TAMS 0x0000000083100000, 0x0000000083100000| Untracked 
|  26|0x0000000083200000, 0x0000000083200000, 0x0000000083300000|  0%| F|  |TAMS 0x0000000083200000, 0x0000000083200000| Untracked 
|  27|0x0000000083300000, 0x0000000083300000, 0x0000000083400000|  0%| F|  |TAMS 0x0000000083300000, 0x0000000083300000| Untracked 
|  28|0x0000000083400000, 0x0000000083400000, 0x0000000083500000|  0%| F|  |TAMS 0x0000000083400000, 0x0000000083400000| Untracked 
|  29|0x0000000083500000, 0x0000000083500000, 0x0000000083600000|  0%| F|  |TAMS 0x0000000083500000, 0x0000000083500000| Untracked 
|  30|0x0000000083600000, 0x0000000083600000, 0x0000000083700000|  0%| F|  |TAMS 0x0000000083600000, 0x0000000083600000| Untracked 
|  31|0x0000000083700000, 0x0000000083700000, 0x0000000083800000|  0%| F|  |TAMS 0x0000000083700000, 0x0000000083700000| Untracked 
|  32|0x0000000083800000, 0x0000000083800000, 0x0000000083900000|  0%| F|  |TAMS 0x0000000083800000, 0x0000000083800000| Untracked 
|  33|0x0000000083900000, 0x0000000083900000, 0x0000000083a00000|  0%| F|  |TAMS 0x0000000083900000, 0x0000000083900000| Untracked 
|  34|0x0000000083a00000, 0x0000000083a00000, 0x0000000083b00000|  0%| F|  |TAMS 0x0000000083a00000, 0x0000000083a00000| Untracked 
|  35|0x0000000083b00000, 0x0000000083b00000, 0x0000000083c00000|  0%| F|  |TAMS 0x0000000083b00000, 0x0000000083b00000| Untracked 
|  36|0x0000000083c00000, 0x0000000083c00000, 0x0000000083d00000|  0%| F|  |TAMS 0x0000000083c00000, 0x0000000083c00000| Untracked 
|  37|0x0000000083d00000, 0x0000000083d00000, 0x0000000083e00000|  0%| F|  |TAMS 0x0000000083d00000, 0x0000000083d00000| Untracked 
|  38|0x0000000083e00000, 0x0000000083e00000, 0x0000000083f00000|  0%| F|  |TAMS 0x0000000083e00000, 0x0000000083e00000| Untracked 
|  39|0x0000000083f00000, 0x0000000083f00000, 0x0000000084000000|  0%| F|  |TAMS 0x0000000083f00000, 0x0000000083f00000| Untracked 
|  40|0x0000000084000000, 0x0000000084000000, 0x0000000084100000|  0%| F|  |TAMS 0x0000000084000000, 0x0000000084000000| Untracked 
|  41|0x0000000084100000, 0x0000000084100000, 0x0000000084200000|  0%| F|  |TAMS 0x0000000084100000, 0x0000000084100000| Untracked 
|  42|0x0000000084200000, 0x0000000084200000, 0x0000000084300000|  0%| F|  |TAMS 0x0000000084200000, 0x0000000084200000| Untracked 
|  43|0x0000000084300000, 0x0000000084300000, 0x0000000084400000|  0%| F|  |TAMS 0x0000000084300000, 0x0000000084300000| Untracked 
|  44|0x0000000084400000, 0x0000000084400000, 0x0000000084500000|  0%| F|  |TAMS 0x0000000084400000, 0x0000000084400000| Untracked 
|  45|0x0000000084500000, 0x0000000084500000, 0x0000000084600000|  0%| F|  |TAMS 0x0000000084500000, 0x0000000084500000| Untracked 
|  46|0x0000000084600000, 0x0000000084600000, 0x0000000084700000|  0%| F|  |TAMS 0x0000000084600000, 0x0000000084600000| Untracked 
|  47|0x0000000084700000, 0x0000000084700000, 0x0000000084800000|  0%| F|  |TAMS 0x0000000084700000, 0x0000000084700000| Untracked 
|  48|0x0000000084800000, 0x0000000084800000, 0x0000000084900000|  0%| F|  |TAMS 0x0000000084800000, 0x0000000084800000| Untracked 
|  49|0x0000000084900000, 0x0000000084900000, 0x0000000084a00000|  0%| F|  |TAMS 0x0000000084900000, 0x0000000084900000| Untracked 
|  50|0x0000000084a00000, 0x0000000084a00000, 0x0000000084b00000|  0%| F|  |TAMS 0x0000000084a00000, 0x0000000084a00000| Untracked 
|  51|0x0000000084b00000, 0x0000000084b00000, 0x0000000084c00000|  0%| F|  |TAMS 0x0000000084b00000, 0x0000000084b00000| Untracked 
|  52|0x0000000084c00000, 0x0000000084c00000, 0x0000000084d00000|  0%| F|  |TAMS 0x0000000084c00000, 0x0000000084c00000| Untracked 
|  53|0x0000000084d00000, 0x0000000084d00000, 0x0000000084e00000|  0%| F|  |TAMS 0x0000000084d00000, 0x0000000084d00000| Untracked 
|  54|0x0000000084e00000, 0x0000000084e00000, 0x0000000084f00000|  0%| F|  |TAMS 0x0000000084e00000, 0x0000000084e00000| Untracked 
|  55|0x0000000084f00000, 0x0000000084f00000, 0x0000000085000000|  0%| F|  |TAMS 0x0000000084f00000, 0x0000000084f00000| Untracked 
|  56|0x0000000085000000, 0x0000000085000000, 0x0000000085100000|  0%| F|  |TAMS 0x0000000085000000, 0x0000000085000000| Untracked 
|  57|0x0000000085100000, 0x0000000085100000, 0x0000000085200000|  0%| F|  |TAMS 0x0000000085100000, 0x0000000085100000| Untracked 
|  58|0x0000000085200000, 0x0000000085200000, 0x0000000085300000|  0%| F|  |TAMS 0x0000000085200000, 0x0000000085200000| Untracked 
|  59|0x0000000085300000, 0x0000000085300000, 0x0000000085400000|  0%| F|  |TAMS 0x0000000085300000, 0x0000000085300000| Untracked 
|  60|0x0000000085400000, 0x0000000085400000, 0x0000000085500000|  0%| F|  |TAMS 0x0000000085400000, 0x0000000085400000| Untracked 
|  61|0x0000000085500000, 0x0000000085500000, 0x0000000085600000|  0%| F|  |TAMS 0x0000000085500000, 0x0000000085500000| Untracked 
|  62|0x0000000085600000, 0x0000000085600000, 0x0000000085700000|  0%| F|  |TAMS 0x0000000085600000, 0x0000000085600000| Untracked 
|  63|0x0000000085700000, 0x0000000085700000, 0x0000000085800000|  0%| F|  |TAMS 0x0000000085700000, 0x0000000085700000| Untracked 
|  64|0x0000000085800000, 0x0000000085800000, 0x0000000085900000|  0%| F|  |TAMS 0x0000000085800000, 0x0000000085800000| Untracked 
|  65|0x0000000085900000, 0x0000000085900000, 0x0000000085a00000|  0%| F|  |TAMS 0x0000000085900000, 0x0000000085900000| Untracked 
|  66|0x0000000085a00000, 0x0000000085a00000, 0x0000000085b00000|  0%| F|  |TAMS 0x0000000085a00000, 0x0000000085a00000| Untracked 
|  67|0x0000000085b00000, 0x0000000085b00000, 0x0000000085c00000|  0%| F|  |TAMS 0x0000000085b00000, 0x0000000085b00000| Untracked 
|  68|0x0000000085c00000, 0x0000000085c00000, 0x0000000085d00000|  0%| F|  |TAMS 0x0000000085c00000, 0x0000000085c00000| Untracked 
|  69|0x0000000085d00000, 0x0000000085d00000, 0x0000000085e00000|  0%| F|  |TAMS 0x0000000085d00000, 0x0000000085d00000| Untracked 
|  70|0x0000000085e00000, 0x0000000085e00000, 0x0000000085f00000|  0%| F|  |TAMS 0x0000000085e00000, 0x0000000085e00000| Untracked 
|  71|0x0000000085f00000, 0x0000000085f00000, 0x0000000086000000|  0%| F|  |TAMS 0x0000000085f00000, 0x0000000085f00000| Untracked 
|  72|0x0000000086000000, 0x0000000086000000, 0x0000000086100000|  0%| F|  |TAMS 0x0000000086000000, 0x0000000086000000| Untracked 
|  73|0x0000000086100000, 0x0000000086100000, 0x0000000086200000|  0%| F|  |TAMS 0x0000000086100000, 0x0000000086100000| Untracked 
|  74|0x0000000086200000, 0x0000000086200000, 0x0000000086300000|  0%| F|  |TAMS 0x0000000086200000, 0x0000000086200000| Untracked 
|  75|0x0000000086300000, 0x0000000086300000, 0x0000000086400000|  0%| F|  |TAMS 0x0000000086300000, 0x0000000086300000| Untracked 
|  76|0x0000000086400000, 0x0000000086400000, 0x0000000086500000|  0%| F|  |TAMS 0x0000000086400000, 0x0000000086400000| Untracked 
|  77|0x0000000086500000, 0x0000000086500000, 0x0000000086600000|  0%| F|  |TAMS 0x0000000086500000, 0x0000000086500000| Untracked 
|  78|0x0000000086600000, 0x0000000086600000, 0x0000000086700000|  0%| F|  |TAMS 0x0000000086600000, 0x0000000086600000| Untracked 
|  79|0x0000000086700000, 0x0000000086700000, 0x0000000086800000|  0%| F|  |TAMS 0x0000000086700000, 0x0000000086700000| Untracked 
|  80|0x0000000086800000, 0x0000000086800000, 0x0000000086900000|  0%| F|  |TAMS 0x0000000086800000, 0x0000000086800000| Untracked 
|  81|0x0000000086900000, 0x0000000086900000, 0x0000000086a00000|  0%| F|  |TAMS 0x0000000086900000, 0x0000000086900000| Untracked 
|  82|0x0000000086a00000, 0x0000000086a00000, 0x0000000086b00000|  0%| F|  |TAMS 0x0000000086a00000, 0x0000000086a00000| Untracked 
|  83|0x0000000086b00000, 0x0000000086b00000, 0x0000000086c00000|  0%| F|  |TAMS 0x0000000086b00000, 0x0000000086b00000| Untracked 
|  84|0x0000000086c00000, 0x0000000086c00000, 0x0000000086d00000|  0%| F|  |TAMS 0x0000000086c00000, 0x0000000086c00000| Untracked 
|  85|0x0000000086d00000, 0x0000000086d00000, 0x0000000086e00000|  0%| F|  |TAMS 0x0000000086d00000, 0x0000000086d00000| Untracked 
|  86|0x0000000086e00000, 0x0000000086e00000, 0x0000000086f00000|  0%| F|  |TAMS 0x0000000086e00000, 0x0000000086e00000| Untracked 
|  87|0x0000000086f00000, 0x0000000086f00000, 0x0000000087000000|  0%| F|  |TAMS 0x0000000086f00000, 0x0000000086f00000| Untracked 
|  88|0x0000000087000000, 0x0000000087000000, 0x0000000087100000|  0%| F|  |TAMS 0x0000000087000000, 0x0000000087000000| Untracked 
|  89|0x0000000087100000, 0x0000000087100000, 0x0000000087200000|  0%| F|  |TAMS 0x0000000087100000, 0x0000000087100000| Untracked 
|  90|0x0000000087200000, 0x0000000087200000, 0x0000000087300000|  0%| F|  |TAMS 0x0000000087200000, 0x0000000087200000| Untracked 
|  91|0x0000000087300000, 0x0000000087300000, 0x0000000087400000|  0%| F|  |TAMS 0x0000000087300000, 0x0000000087300000| Untracked 
|  92|0x0000000087400000, 0x0000000087400000, 0x0000000087500000|  0%| F|  |TAMS 0x0000000087400000, 0x0000000087400000| Untracked 
|  93|0x0000000087500000, 0x0000000087500000, 0x0000000087600000|  0%| F|  |TAMS 0x0000000087500000, 0x0000000087500000| Untracked 
|  94|0x0000000087600000, 0x0000000087600000, 0x0000000087700000|  0%| F|  |TAMS 0x0000000087600000, 0x0000000087600000| Untracked 
|  95|0x0000000087700000, 0x0000000087700000, 0x0000000087800000|  0%| F|  |TAMS 0x0000000087700000, 0x0000000087700000| Untracked 
|  96|0x0000000087800000, 0x0000000087800000, 0x0000000087900000|  0%| F|  |TAMS 0x0000000087800000, 0x0000000087800000| Untracked 
|  97|0x0000000087900000, 0x0000000087900000, 0x0000000087a00000|  0%| F|  |TAMS 0x0000000087900000, 0x0000000087900000| Untracked 
|  98|0x0000000087a00000, 0x0000000087a00000, 0x0000000087b00000|  0%| F|  |TAMS 0x0000000087a00000, 0x0000000087a00000| Untracked 
|  99|0x0000000087b00000, 0x0000000087b00000, 0x0000000087c00000|  0%| F|  |TAMS 0x0000000087b00000, 0x0000000087b00000| Untracked 
| 100|0x0000000087c00000, 0x0000000087c00000, 0x0000000087d00000|  0%| F|  |TAMS 0x0000000087c00000, 0x0000000087c00000| Untracked 
| 101|0x0000000087d00000, 0x0000000087d00000, 0x0000000087e00000|  0%| F|  |TAMS 0x0000000087d00000, 0x0000000087d00000| Untracked 
| 102|0x0000000087e00000, 0x0000000087e00000, 0x0000000087f00000|  0%| F|  |TAMS 0x0000000087e00000, 0x0000000087e00000| Untracked 
| 103|0x0000000087f00000, 0x0000000087f00000, 0x0000000088000000|  0%| F|  |TAMS 0x0000000087f00000, 0x0000000087f00000| Untracked 
| 104|0x0000000088000000, 0x0000000088000000, 0x0000000088100000|  0%| F|  |TAMS 0x0000000088000000, 0x0000000088000000| Untracked 
| 105|0x0000000088100000, 0x0000000088100000, 0x0000000088200000|  0%| F|  |TAMS 0x0000000088100000, 0x0000000088100000| Untracked 
| 106|0x0000000088200000, 0x0000000088200000, 0x0000000088300000|  0%| F|  |TAMS 0x0000000088200000, 0x0000000088200000| Untracked 
| 107|0x0000000088300000, 0x0000000088300000, 0x0000000088400000|  0%| F|  |TAMS 0x0000000088300000, 0x0000000088300000| Untracked 
| 108|0x0000000088400000, 0x0000000088400000, 0x0000000088500000|  0%| F|  |TAMS 0x0000000088400000, 0x0000000088400000| Untracked 
| 109|0x0000000088500000, 0x0000000088500000, 0x0000000088600000|  0%| F|  |TAMS 0x0000000088500000, 0x0000000088500000| Untracked 
| 110|0x0000000088600000, 0x0000000088600000, 0x0000000088700000|  0%| F|  |TAMS 0x0000000088600000, 0x0000000088600000| Untracked 
| 111|0x0000000088700000, 0x0000000088700000, 0x0000000088800000|  0%| F|  |TAMS 0x0000000088700000, 0x0000000088700000| Untracked 
| 112|0x0000000088800000, 0x0000000088800000, 0x0000000088900000|  0%| F|  |TAMS 0x0000000088800000, 0x0000000088800000| Untracked 
| 113|0x0000000088900000, 0x0000000088900000, 0x0000000088a00000|  0%| F|  |TAMS 0x0000000088900000, 0x0000000088900000| Untracked 
| 114|0x0000000088a00000, 0x0000000088a00000, 0x0000000088b00000|  0%| F|  |TAMS 0x0000000088a00000, 0x0000000088a00000| Untracked 
| 115|0x0000000088b00000, 0x0000000088b00000, 0x0000000088c00000|  0%| F|  |TAMS 0x0000000088b00000, 0x0000000088b00000| Untracked 
| 116|0x0000000088c00000, 0x0000000088c00000, 0x0000000088d00000|  0%| F|  |TAMS 0x0000000088c00000, 0x0000000088c00000| Untracked 
| 117|0x0000000088d00000, 0x0000000088d00000, 0x0000000088e00000|  0%| F|  |TAMS 0x0000000088d00000, 0x0000000088d00000| Untracked 
| 118|0x0000000088e00000, 0x0000000088e00000, 0x0000000088f00000|  0%| F|  |TAMS 0x0000000088e00000, 0x0000000088e00000| Untracked 
| 119|0x0000000088f00000, 0x0000000088f00000, 0x0000000089000000|  0%| F|  |TAMS 0x0000000088f00000, 0x0000000088f00000| Untracked 
| 120|0x0000000089000000, 0x0000000089000000, 0x0000000089100000|  0%| F|  |TAMS 0x0000000089000000, 0x0000000089000000| Untracked 
| 121|0x0000000089100000, 0x0000000089100000, 0x0000000089200000|  0%| F|  |TAMS 0x0000000089100000, 0x0000000089100000| Untracked 
| 122|0x0000000089200000, 0x0000000089200000, 0x0000000089300000|  0%| F|  |TAMS 0x0000000089200000, 0x0000000089200000| Untracked 
| 123|0x0000000089300000, 0x0000000089300000, 0x0000000089400000|  0%| F|  |TAMS 0x0000000089300000, 0x0000000089300000| Untracked 
| 124|0x0000000089400000, 0x0000000089490c88, 0x0000000089500000| 56%| E|  |TAMS 0x0000000089400000, 0x0000000089400000| Complete 
| 125|0x0000000089500000, 0x0000000089600000, 0x0000000089600000|100%| E|CS|TAMS 0x0000000089500000, 0x0000000089500000| Complete 
| 126|0x0000000089600000, 0x0000000089700000, 0x0000000089700000|100%| E|CS|TAMS 0x0000000089600000, 0x0000000089600000| Complete 
| 127|0x0000000089700000, 0x0000000089800000, 0x0000000089800000|100%| E|CS|TAMS 0x0000000089700000, 0x0000000089700000| Complete 

Card table byte_map: [0x000001ffcfae0000,0x000001ffcfee0000] _byte_map_base: 0x000001ffcf6d4000

Marking Bits (Prev, Next): (CMBitMap*) 0x000001ffb83f4928, (CMBitMap*) 0x000001ffb83f4960
 Prev Bits: [0x000001ffd02e0000, 0x000001ffd2280000)
 Next Bits: [0x000001ffd2280000, 0x000001ffd4220000)

Polling page: 0x000001ffb61d0000

Metaspace:

Usage:
  Non-class:      6.72 MB capacity,     6.60 MB ( 98%) used,   120.28 KB (  2%) free+waste,     6.75 KB ( <1%) overhead. 
      Class:    721.00 KB capacity,   650.80 KB ( 90%) used,    67.13 KB (  9%) free+waste,     3.06 KB ( <1%) overhead. 
       Both:      7.42 MB capacity,     7.23 MB ( 97%) used,   187.41 KB (  2%) free+waste,     9.81 KB ( <1%) overhead. 

Virtual space:
  Non-class space:        8.00 MB reserved,       6.75 MB ( 84%) committed 
      Class space:        1.00 GB reserved,     768.00 KB ( <1%) committed 
             Both:        1.01 GB reserved,       7.50 MB ( <1%) committed 

Chunk freelists:
   Non-Class:  3.75 KB
       Class:  1.88 KB
        Both:  5.63 KB

CodeHeap 'non-profiled nmethods': size=120064Kb used=88Kb max_used=88Kb free=119975Kb
 bounds [0x000001ffc81a0000, 0x000001ffc8410000, 0x000001ffcf6e0000]
CodeHeap 'profiled nmethods': size=120000Kb used=354Kb max_used=354Kb free=119645Kb
 bounds [0x000001ffc0c70000, 0x000001ffc0ee0000, 0x000001ffc81a0000]
CodeHeap 'non-nmethods': size=5696Kb used=1137Kb max_used=1144Kb free=4558Kb
 bounds [0x000001ffc06e0000, 0x000001ffc0950000, 0x000001ffc0c70000]
 total_blobs=703 nmethods=281 adapters=263
 compilation: enabled
              stopped_count=0, restarted_count=0
 full_count=0

Compilation events (10 events):
Event: 1.215 Thread 0x000001ffd6743000  273       1       java.lang.invoke.MethodTypeForm::erasedType (5 bytes)
Event: 1.216 Thread 0x000001ffd6743000 nmethod 273 0x000001ffc81b5310 code [0x000001ffc81b54c0, 0x000001ffc81b55d8]
Event: 1.218 Thread 0x000001ffd6743000  275       3       java.lang.Object::equals (11 bytes)
Event: 1.218 Thread 0x000001ffd6743000 nmethod 275 0x000001ffc0cc6290 code [0x000001ffc0cc6440, 0x000001ffc0cc65f8]
Event: 1.219 Thread 0x000001ffd6743000  276       3       jdk.internal.org.objectweb.asm.Item::isEqualTo (354 bytes)
Event: 1.220 Thread 0x000001ffd6743000 nmethod 276 0x000001ffc0cc6690 code [0x000001ffc0cc6900, 0x000001ffc0cc7450]
Event: 1.221 Thread 0x000001ffd6743000  278       3       java.lang.invoke.MethodType::checkPtypes (61 bytes)
Event: 1.223 Thread 0x000001ffd6743000 nmethod 278 0x000001ffc0cc7790 code [0x000001ffc0cc7a40, 0x000001ffc0cc8490]
Event: 1.225 Thread 0x000001ffd6743000  281       1       java.lang.invoke.MethodHandles$Lookup::lookupClass (5 bytes)
Event: 1.225 Thread 0x000001ffd6743000 nmethod 281 0x000001ffc81b5e90 code [0x000001ffc81b6040, 0x000001ffc81b6158]

GC Heap History (0 events):
No events

Deoptimization events (4 events):
Event: 0.837 Thread 0x000001ffb83b3800 Uncommon trap: reason=class_check action=maybe_recompile pc=0x000001ffc81aeee0 method=java.util.HashMap.putVal(ILjava/lang/Object;Ljava/lang/Object;ZZ)Ljava/lang/Object; @ 152 c2
Event: 0.917 Thread 0x000001ffb83b3800 Uncommon trap: reason=unstable_if action=reinterpret pc=0x000001ffc81a697c method=java.lang.String.isLatin1()Z @ 10 c2
Event: 1.001 Thread 0x000001ffb83b3800 Uncommon trap: reason=class_check action=maybe_recompile pc=0x000001ffc81aeee0 method=java.util.HashMap.putVal(ILjava/lang/Object;Ljava/lang/Object;ZZ)Ljava/lang/Object; @ 152 c2
Event: 1.076 Thread 0x000001ffb83b3800 Uncommon trap: reason=unstable_if action=reinterpret pc=0x000001ffc81a6378 method=java.lang.String.isLatin1()Z @ 10 c2

Classes redefined (9 events):
Event: 120.639 Thread 0x000001ffd66f7000 redefined class name=Main, count=1
Event: 193.501 Thread 0x000001ffd66f7000 redefined class name=Main, count=2
Event: 395.818 Thread 0x000001ffd66f7000 redefined class name=Main, count=3
Event: 410.344 Thread 0x000001ffd66f7000 redefined class name=Main, count=4
Event: 502.362 Thread 0x000001ffd66f7000 redefined class name=Main, count=5
Event: 2006.604 Thread 0x000001ffd66f7000 redefined class name=Main, count=6
Event: 2083.883 Thread 0x000001ffd66f7000 redefined class name=Main, count=7
Event: 2521.613 Thread 0x000001ffd66f7000 redefined class name=Main, count=8
Event: 2659.468 Thread 0x000001ffd66f7000 redefined class name=Main, count=9

Internal exceptions (1 events):
Event: 1.118 Thread 0x000001ffb83b3800 Exception <a 'java/lang/NoSuchMethodError'{0x000000008959a500}: java.lang.invoke.DirectMethodHandle$Holder.invokeSpecialIFC(Ljava/lang/Object;Ljava/lang/Object;I)I> (0x000000008959a500) thrown at [t:/workspace/open/src/hotspot/share/interpreter/linkResolv

Events (10 events):
Event: 2659.470 Executing VM operation: GetFrameCount done
Event: 2659.471 Executing VM operation: GetFrameCount
Event: 2659.471 Executing VM operation: GetFrameCount done
Event: 2659.471 Executing VM operation: GetStackTrace
Event: 2659.471 Executing VM operation: GetStackTrace done
Event: 2659.483 Executing VM operation: ChangeBreakpoints
Event: 2659.483 Executing VM operation: ChangeBreakpoints done
Event: 2659.485 Executing VM operation: ChangeBreakpoints
Event: 2659.486 Executing VM operation: ChangeBreakpoints done
Event: 2659.491 Executing VM operation: GetOrSetLocal


Dynamic libraries:
0x00007ff7c1fb0000 - 0x00007ff7c1ff7000 	C:\Program Files\Java\jdk-11.0.1\bin\java.exe
0x00007ff818fe0000 - 0x00007ff8191c1000 	C:\WINDOWS\SYSTEM32\ntdll.dll
0x00007ff817840000 - 0x00007ff8178f2000 	C:\WINDOWS\System32\KERNEL32.DLL
0x00007ff815c60000 - 0x00007ff815ed3000 	C:\WINDOWS\System32\KERNELBASE.dll
0x00007ff816b70000 - 0x00007ff816c11000 	C:\WINDOWS\System32\ADVAPI32.dll
0x00007ff8165a0000 - 0x00007ff81663e000 	C:\WINDOWS\System32\msvcrt.dll
0x00007ff8177b0000 - 0x00007ff81780b000 	C:\WINDOWS\System32\sechost.dll
0x00007ff818e80000 - 0x00007ff818fa4000 	C:\WINDOWS\System32\RPCRT4.dll
0x00007ff816d80000 - 0x00007ff816f10000 	C:\WINDOWS\System32\USER32.dll
0x00007ff815f90000 - 0x00007ff815fb0000 	C:\WINDOWS\System32\win32u.dll
0x00007ff816570000 - 0x00007ff816598000 	C:\WINDOWS\System32\GDI32.dll
0x00007ff815ac0000 - 0x00007ff815c52000 	C:\WINDOWS\System32\gdi32full.dll
0x00007ff8160b0000 - 0x00007ff81614f000 	C:\WINDOWS\System32\msvcp_win.dll
0x00007ff815fb0000 - 0x00007ff8160aa000 	C:\WINDOWS\System32\ucrtbase.dll
0x00007ff8033a0000 - 0x00007ff803609000 	C:\WINDOWS\WinSxS\amd64_microsoft.windows.common-controls_6595b64144ccf1df_6.0.17134.407_none_fb449d63306391e9\COMCTL32.dll
0x00007ff816640000 - 0x00007ff816962000 	C:\WINDOWS\System32\combase.dll
0x00007ff8046c0000 - 0x00007ff8046ca000 	C:\WINDOWS\SYSTEM32\VERSION.dll
0x00007ff8161a0000 - 0x00007ff81621a000 	C:\WINDOWS\System32\bcryptPrimitives.dll
0x00007ff817810000 - 0x00007ff81783d000 	C:\WINDOWS\System32\IMM32.DLL
0x00007ff811580000 - 0x00007ff811596000 	C:\Program Files\Java\jdk-11.0.1\bin\vcruntime140.dll
0x00007ff801750000 - 0x00007ff8017fa000 	C:\Program Files\Java\jdk-11.0.1\bin\msvcp140.dll
0x00007fffd9ff0000 - 0x00007fffdab32000 	C:\Program Files\Java\jdk-11.0.1\bin\server\jvm.dll
0x00007ff818e70000 - 0x00007ff818e78000 	C:\WINDOWS\System32\PSAPI.DLL
0x00007ff813f00000 - 0x00007ff813f09000 	C:\WINDOWS\SYSTEM32\WSOCK32.dll
0x00007ff8170f0000 - 0x00007ff81715c000 	C:\WINDOWS\System32\WS2_32.dll
0x00007ff812c80000 - 0x00007ff812ca3000 	C:\WINDOWS\SYSTEM32\WINMM.dll
0x00007ff812ab0000 - 0x00007ff812ada000 	C:\WINDOWS\SYSTEM32\WINMMBASE.dll
0x00007ff816150000 - 0x00007ff816199000 	C:\WINDOWS\System32\cfgmgr32.dll
0x00007ff815390000 - 0x00007ff8153a1000 	C:\WINDOWS\System32\kernel.appcore.dll
0x00007ff80a6d0000 - 0x00007ff80a6e1000 	C:\Program Files\Java\jdk-11.0.1\bin\verify.dll
0x00007ff813d10000 - 0x00007ff813ed9000 	C:\WINDOWS\SYSTEM32\DBGHELP.DLL
0x00007ff800060000 - 0x00007ff800089000 	C:\WINDOWS\SYSTEM32\dbgcore.DLL
0x00007ff809b40000 - 0x00007ff809b69000 	C:\Program Files\Java\jdk-11.0.1\bin\java.dll
0x00007ff801ff0000 - 0x00007ff802027000 	C:\Program Files\Java\jdk-11.0.1\bin\jdwp.dll
0x00007ff801e90000 - 0x00007ff801ebf000 	C:\Program Files\Java\jdk-11.0.1\bin\instrument.dll
0x00007ff80a6b0000 - 0x00007ff80a6c6000 	C:\Program Files\Java\jdk-11.0.1\bin\zip.dll
0x00007ff812da0000 - 0x00007ff812daa000 	C:\Program Files\Java\jdk-11.0.1\bin\jimage.dll
0x00007ff817a30000 - 0x00007ff818e6f000 	C:\WINDOWS\System32\SHELL32.dll
0x00007ff817160000 - 0x00007ff817209000 	C:\WINDOWS\System32\shcore.dll
0x00007ff8153b0000 - 0x00007ff815abd000 	C:\WINDOWS\System32\windows.storage.dll
0x00007ff8179d0000 - 0x00007ff817a21000 	C:\WINDOWS\System32\shlwapi.dll
0x00007ff815320000 - 0x00007ff81533f000 	C:\WINDOWS\System32\profapi.dll
0x00007ff815340000 - 0x00007ff81538c000 	C:\WINDOWS\System32\powrprof.dll
0x00007ff8152f0000 - 0x00007ff8152fa000 	C:\WINDOWS\System32\FLTLIB.DLL
0x00007ff810b70000 - 0x00007ff810b7a000 	C:\Program Files\Java\jdk-11.0.1\bin\dt_socket.dll
0x00007ff814b10000 - 0x00007ff814b76000 	C:\WINDOWS\system32\mswsock.dll
0x00007ff8070d0000 - 0x00007ff8070e9000 	C:\Program Files\Java\jdk-11.0.1\bin\net.dll
0x00007ff809bc0000 - 0x00007ff809c9c000 	C:\WINDOWS\SYSTEM32\WINHTTP.dll
0x00007ff8052d0000 - 0x00007ff8052e3000 	C:\Program Files\Java\jdk-11.0.1\bin\nio.dll

dbghelp: loaded successfully - version: 4.0.5 - missing functions: none
symbol engine: initialized successfully - sym options: 0x614 - pdb path: .;C:\Program Files\Java\jdk-11.0.1\bin;C:\WINDOWS\SYSTEM32;C:\WINDOWS\WinSxS\amd64_microsoft.windows.common-controls_6595b64144ccf1df_6.0.17134.407_none_fb449d63306391e9;C:\Program Files\Java\jdk-11.0.1\bin\server

VM Arguments:
jvm_args: -agentlib:jdwp=transport=dt_socket,address=127.0.0.1:55505,suspend=y,server=n -javaagent:C:\Users\SEANPA~1\AppData\Local\Temp\captureAgent2jars\debugger-agent.jar=file:/C:/Users/SEANPA~1/AppData/Local/Temp/capture.props -Dfile.encoding=UTF-8 
java_command: Main
java_class_path (initial): C:\Users\Sean Patrick\OneDrive - Queen Mary, University of London\WORK\Procedural Programming\Assessed Projects\Recursion SE 9\out\production\Recursion SE 9;C:\Program Files\JetBrains\IntelliJ IDEA Community Edition 2018.2.5\lib\idea_rt.jar
Launcher Type: SUN_STANDARD

[Global flags]
     intx CICompilerCount                          = 3                                         {product} {ergonomic}
     uint ConcGCThreads                            = 1                                         {product} {ergonomic}
     uint G1ConcRefinementThreads                  = 4                                         {product} {ergonomic}
   size_t G1HeapRegionSize                         = 1048576                                   {product} {ergonomic}
    uintx GCDrainStackTargetSize                   = 64                                        {product} {ergonomic}
   size_t InitialHeapSize                          = 134217728                                 {product} {ergonomic}
   size_t MarkStackSize                            = 4194304                                   {product} {ergonomic}
   size_t MaxHeapSize                              = 2122317824                                {product} {ergonomic}
   size_t MaxNewSize                               = 1272971264                                {product} {ergonomic}
   size_t MinHeapDeltaBytes                        = 1048576                                   {product} {ergonomic}
    uintx NonNMethodCodeHeapSize                   = 5830092                                {pd product} {ergonomic}
    uintx NonProfiledCodeHeapSize                  = 122914074                              {pd product} {ergonomic}
    uintx ProfiledCodeHeapSize                     = 122914074                              {pd product} {ergonomic}
    uintx ReservedCodeCacheSize                    = 251658240                              {pd product} {ergonomic}
     bool SegmentedCodeCache                       = true                                      {product} {ergonomic}
     bool UseCompressedClassPointers               = true                                 {lp64_product} {ergonomic}
     bool UseCompressedOops                        = true                                 {lp64_product} {ergonomic}
     bool UseG1GC                                  = true                                      {product} {ergonomic}
     bool UseLargePagesIndividualAllocation        = false                                  {pd product} {ergonomic}

Logging:
Log output configuration:
 #0: stdout all=warning uptime,level,tags
 #1: stderr all=off uptime,level,tags

Environment Variables:
PATH=C:\Program Files\Java\jdk1.8.0_181\bin;C:\WINDOWS\system32;C:\WINDOWS;C:\WINDOWS\System32\Wbem;C:\WINDOWS\System32\WindowsPowerShell\v1.0\;C:\WINDOWS\System32\OpenSSH\;C:\Program Files\PuTTY\;C:\Users\Sean Patrick\AppData\Local\Microsoft\WindowsApps;
USERNAME=SPalmer
OS=Windows_NT
PROCESSOR_IDENTIFIER=Intel64 Family 6 Model 78 Stepping 3, GenuineIntel



---------------  S Y S T E M  ---------------

OS: Windows 10 , 64 bit Build 17134 (10.0.17134.1)

CPU:total 4 (initial active 4) (2 cores per cpu, 2 threads per core) family 6 model 78 stepping 3, cmov, cx8, fxsr, mmx, sse, sse2, sse3, ssse3, sse4.1, sse4.2, popcnt, avx, avx2, aes, clmul, erms, 3dnowpref, lzcnt, ht, tsc, tscinvbit, bmi1, bmi2, adx, fma

Memory: 4k page, system-wide physical 8088M (3281M free)
TotalPageFile size 15256M (AvailPageFile size 4968M)
current process WorkingSet (physical memory assigned to process): 23M, peak: 38M
current process commit charge ("private bytes"): 198M, peak: 199M

vm_info: Java HotSpot(TM) 64-Bit Server VM (11.0.1+13-LTS) for windows-amd64 JRE (11.0.1+13-LTS), built on Oct  6 2018 13:20:16 by "mach5one" with MS VC++ 15.5 (VS2017)

END.
